<?xml version="1.0" encoding="UTF-8"?>
<testsuite name="Navigation - chrome" tests="5" time="10.7505" failures="0" errors="5" skipped="0">
  <testcase name="Navigation - chrome Left Menu - Home Page - menu items" time="4.3895">
    <failure type="NoMethodError" message="undefined method `true?' for #&lt;Selenium::WebDriver::Element:0x..fbb1e1f82 id=&quot;3&quot;&gt;">
undefined method `true?' for #&lt;Selenium::WebDriver::Element:0x..fbb1e1f82 id="3"&gt; (NoMethodError)
NoMethodError:
undefined method `true?' for #&lt;Selenium::WebDriver::Element:0x..fbb1e1f82 id="3"&gt;
     C:/Ruby200/lib/ruby/gems/2.0.0/gems/rspec-expectations-3.0.0.beta1/lib/rspec/matchers/built_in/be.rb:150:in `matches?'
     C:/Ruby200/lib/ruby/gems/2.0.0/gems/rspec-expectations-3.0.0.beta1/lib/rspec/expectations/handler.rb:24:in `handle_matcher'
     C:/Ruby200/lib/ruby/gems/2.0.0/gems/rspec-expectations-3.0.0.beta1/lib/rspec/expectations/syntax.rb:70:in `should'
     ./spec/navigation_spec.rb:43:in `block (3 levels) in &lt;top (required)&gt;'
     C:/Ruby200/lib/ruby/gems/2.0.0/gems/rspec-core-3.0.0.beta1/lib/rspec/core/example.rb:114:in `instance_exec'
     C:/Ruby200/lib/ruby/gems/2.0.0/gems/rspec-core-3.0.0.beta1/lib/rspec/core/example.rb:114:in `block in run'
     C:/Ruby200/lib/ruby/gems/2.0.0/gems/rspec-core-3.0.0.beta1/lib/rspec/core/example.rb:241:in `with_around_each_hooks'
     C:/Ruby200/lib/ruby/gems/2.0.0/gems/rspec-core-3.0.0.beta1/lib/rspec/core/example.rb:111:in `run'
     C:/Ruby200/lib/ruby/gems/2.0.0/gems/rspec-core-3.0.0.beta1/lib/rspec/core/example_group.rb:416:in `block in run_examples'
     C:/Ruby200/lib/ruby/gems/2.0.0/gems/rspec-core-3.0.0.beta1/lib/rspec/core/example_group.rb:412:in `map'
     C:/Ruby200/lib/ruby/gems/2.0.0/gems/rspec-core-3.0.0.beta1/lib/rspec/core/example_group.rb:412:in `run_examples'
     C:/Ruby200/lib/ruby/gems/2.0.0/gems/rspec-core-3.0.0.beta1/lib/rspec/core/example_group.rb:381:in `run'
     C:/Ruby200/lib/ruby/gems/2.0.0/gems/rspec-core-3.0.0.beta1/lib/rspec/core/command_line.rb:28:in `block (2 levels) in run'
     C:/Ruby200/lib/ruby/gems/2.0.0/gems/rspec-core-3.0.0.beta1/lib/rspec/core/command_line.rb:28:in `map'
     C:/Ruby200/lib/ruby/gems/2.0.0/gems/rspec-core-3.0.0.beta1/lib/rspec/core/command_line.rb:28:in `block in run'
     C:/Ruby200/lib/ruby/gems/2.0.0/gems/rspec-core-3.0.0.beta1/lib/rspec/core/reporter.rb:53:in `report'
     C:/Ruby200/lib/ruby/gems/2.0.0/gems/rspec-core-3.0.0.beta1/lib/rspec/core/command_line.rb:25:in `run'
     C:/Ruby200/lib/ruby/gems/2.0.0/gems/rspec-core-3.0.0.beta1/lib/rspec/core/runner.rb:90:in `run'
     C:/Ruby200/lib/ruby/gems/2.0.0/gems/rspec-core-3.0.0.beta1/lib/rspec/core/runner.rb:17:in `block in autorun'    </failure>
  </testcase>
  <testcase name="Navigation - chrome Left Menu - Demo1 Page - menu items" time="1.115">
    <failure type="NoMethodError" message="undefined method `true?' for #&lt;Selenium::WebDriver::Element:0x5701d994 id=&quot;8&quot;&gt;">
undefined method `true?' for #&lt;Selenium::WebDriver::Element:0x5701d994 id="8"&gt; (NoMethodError)
NoMethodError:
undefined method `true?' for #&lt;Selenium::WebDriver::Element:0x5701d994 id="8"&gt;
     C:/Ruby200/lib/ruby/gems/2.0.0/gems/rspec-expectations-3.0.0.beta1/lib/rspec/matchers/built_in/be.rb:150:in `matches?'
     C:/Ruby200/lib/ruby/gems/2.0.0/gems/rspec-expectations-3.0.0.beta1/lib/rspec/expectations/handler.rb:24:in `handle_matcher'
     C:/Ruby200/lib/ruby/gems/2.0.0/gems/rspec-expectations-3.0.0.beta1/lib/rspec/expectations/syntax.rb:70:in `should'
     ./spec/navigation_spec.rb:56:in `block (3 levels) in &lt;top (required)&gt;'
     C:/Ruby200/lib/ruby/gems/2.0.0/gems/rspec-core-3.0.0.beta1/lib/rspec/core/example.rb:114:in `instance_exec'
     C:/Ruby200/lib/ruby/gems/2.0.0/gems/rspec-core-3.0.0.beta1/lib/rspec/core/example.rb:114:in `block in run'
     C:/Ruby200/lib/ruby/gems/2.0.0/gems/rspec-core-3.0.0.beta1/lib/rspec/core/example.rb:241:in `with_around_each_hooks'
     C:/Ruby200/lib/ruby/gems/2.0.0/gems/rspec-core-3.0.0.beta1/lib/rspec/core/example.rb:111:in `run'
     C:/Ruby200/lib/ruby/gems/2.0.0/gems/rspec-core-3.0.0.beta1/lib/rspec/core/example_group.rb:416:in `block in run_examples'
     C:/Ruby200/lib/ruby/gems/2.0.0/gems/rspec-core-3.0.0.beta1/lib/rspec/core/example_group.rb:412:in `map'
     C:/Ruby200/lib/ruby/gems/2.0.0/gems/rspec-core-3.0.0.beta1/lib/rspec/core/example_group.rb:412:in `run_examples'
     C:/Ruby200/lib/ruby/gems/2.0.0/gems/rspec-core-3.0.0.beta1/lib/rspec/core/example_group.rb:381:in `run'
     C:/Ruby200/lib/ruby/gems/2.0.0/gems/rspec-core-3.0.0.beta1/lib/rspec/core/command_line.rb:28:in `block (2 levels) in run'
     C:/Ruby200/lib/ruby/gems/2.0.0/gems/rspec-core-3.0.0.beta1/lib/rspec/core/command_line.rb:28:in `map'
     C:/Ruby200/lib/ruby/gems/2.0.0/gems/rspec-core-3.0.0.beta1/lib/rspec/core/command_line.rb:28:in `block in run'
     C:/Ruby200/lib/ruby/gems/2.0.0/gems/rspec-core-3.0.0.beta1/lib/rspec/core/reporter.rb:53:in `report'
     C:/Ruby200/lib/ruby/gems/2.0.0/gems/rspec-core-3.0.0.beta1/lib/rspec/core/command_line.rb:25:in `run'
     C:/Ruby200/lib/ruby/gems/2.0.0/gems/rspec-core-3.0.0.beta1/lib/rspec/core/runner.rb:90:in `run'
     C:/Ruby200/lib/ruby/gems/2.0.0/gems/rspec-core-3.0.0.beta1/lib/rspec/core/runner.rb:17:in `block in autorun'    </failure>
  </testcase>
  <testcase name="Navigation - chrome Left Menu - Demo2 Page - menu items" time="1.118">
    <failure type="NoMethodError" message="undefined method `true?' for #&lt;Selenium::WebDriver::Element:0x..f238a940 id=&quot;13&quot;&gt;">
undefined method `true?' for #&lt;Selenium::WebDriver::Element:0x..f238a940 id="13"&gt; (NoMethodError)
NoMethodError:
undefined method `true?' for #&lt;Selenium::WebDriver::Element:0x..f238a940 id="13"&gt;
     C:/Ruby200/lib/ruby/gems/2.0.0/gems/rspec-expectations-3.0.0.beta1/lib/rspec/matchers/built_in/be.rb:150:in `matches?'
     C:/Ruby200/lib/ruby/gems/2.0.0/gems/rspec-expectations-3.0.0.beta1/lib/rspec/expectations/handler.rb:24:in `handle_matcher'
     C:/Ruby200/lib/ruby/gems/2.0.0/gems/rspec-expectations-3.0.0.beta1/lib/rspec/expectations/syntax.rb:70:in `should'
     ./spec/navigation_spec.rb:70:in `block (3 levels) in &lt;top (required)&gt;'
     C:/Ruby200/lib/ruby/gems/2.0.0/gems/rspec-core-3.0.0.beta1/lib/rspec/core/example.rb:114:in `instance_exec'
     C:/Ruby200/lib/ruby/gems/2.0.0/gems/rspec-core-3.0.0.beta1/lib/rspec/core/example.rb:114:in `block in run'
     C:/Ruby200/lib/ruby/gems/2.0.0/gems/rspec-core-3.0.0.beta1/lib/rspec/core/example.rb:241:in `with_around_each_hooks'
     C:/Ruby200/lib/ruby/gems/2.0.0/gems/rspec-core-3.0.0.beta1/lib/rspec/core/example.rb:111:in `run'
     C:/Ruby200/lib/ruby/gems/2.0.0/gems/rspec-core-3.0.0.beta1/lib/rspec/core/example_group.rb:416:in `block in run_examples'
     C:/Ruby200/lib/ruby/gems/2.0.0/gems/rspec-core-3.0.0.beta1/lib/rspec/core/example_group.rb:412:in `map'
     C:/Ruby200/lib/ruby/gems/2.0.0/gems/rspec-core-3.0.0.beta1/lib/rspec/core/example_group.rb:412:in `run_examples'
     C:/Ruby200/lib/ruby/gems/2.0.0/gems/rspec-core-3.0.0.beta1/lib/rspec/core/example_group.rb:381:in `run'
     C:/Ruby200/lib/ruby/gems/2.0.0/gems/rspec-core-3.0.0.beta1/lib/rspec/core/command_line.rb:28:in `block (2 levels) in run'
     C:/Ruby200/lib/ruby/gems/2.0.0/gems/rspec-core-3.0.0.beta1/lib/rspec/core/command_line.rb:28:in `map'
     C:/Ruby200/lib/ruby/gems/2.0.0/gems/rspec-core-3.0.0.beta1/lib/rspec/core/command_line.rb:28:in `block in run'
     C:/Ruby200/lib/ruby/gems/2.0.0/gems/rspec-core-3.0.0.beta1/lib/rspec/core/reporter.rb:53:in `report'
     C:/Ruby200/lib/ruby/gems/2.0.0/gems/rspec-core-3.0.0.beta1/lib/rspec/core/command_line.rb:25:in `run'
     C:/Ruby200/lib/ruby/gems/2.0.0/gems/rspec-core-3.0.0.beta1/lib/rspec/core/runner.rb:90:in `run'
     C:/Ruby200/lib/ruby/gems/2.0.0/gems/rspec-core-3.0.0.beta1/lib/rspec/core/runner.rb:17:in `block in autorun'    </failure>
  </testcase>
  <testcase name="Navigation - chrome Left Menu - Config Page - menu items" time="0.846">
    <failure type="NoMethodError" message="undefined method `true?' for #&lt;Selenium::WebDriver::Element:0x35b9d698 id=&quot;18&quot;&gt;">
undefined method `true?' for #&lt;Selenium::WebDriver::Element:0x35b9d698 id="18"&gt; (NoMethodError)
NoMethodError:
undefined method `true?' for #&lt;Selenium::WebDriver::Element:0x35b9d698 id="18"&gt;
     C:/Ruby200/lib/ruby/gems/2.0.0/gems/rspec-expectations-3.0.0.beta1/lib/rspec/matchers/built_in/be.rb:150:in `matches?'
     C:/Ruby200/lib/ruby/gems/2.0.0/gems/rspec-expectations-3.0.0.beta1/lib/rspec/expectations/handler.rb:24:in `handle_matcher'
     C:/Ruby200/lib/ruby/gems/2.0.0/gems/rspec-expectations-3.0.0.beta1/lib/rspec/expectations/syntax.rb:70:in `should'
     ./spec/navigation_spec.rb:84:in `block (3 levels) in &lt;top (required)&gt;'
     C:/Ruby200/lib/ruby/gems/2.0.0/gems/rspec-core-3.0.0.beta1/lib/rspec/core/example.rb:114:in `instance_exec'
     C:/Ruby200/lib/ruby/gems/2.0.0/gems/rspec-core-3.0.0.beta1/lib/rspec/core/example.rb:114:in `block in run'
     C:/Ruby200/lib/ruby/gems/2.0.0/gems/rspec-core-3.0.0.beta1/lib/rspec/core/example.rb:241:in `with_around_each_hooks'
     C:/Ruby200/lib/ruby/gems/2.0.0/gems/rspec-core-3.0.0.beta1/lib/rspec/core/example.rb:111:in `run'
     C:/Ruby200/lib/ruby/gems/2.0.0/gems/rspec-core-3.0.0.beta1/lib/rspec/core/example_group.rb:416:in `block in run_examples'
     C:/Ruby200/lib/ruby/gems/2.0.0/gems/rspec-core-3.0.0.beta1/lib/rspec/core/example_group.rb:412:in `map'
     C:/Ruby200/lib/ruby/gems/2.0.0/gems/rspec-core-3.0.0.beta1/lib/rspec/core/example_group.rb:412:in `run_examples'
     C:/Ruby200/lib/ruby/gems/2.0.0/gems/rspec-core-3.0.0.beta1/lib/rspec/core/example_group.rb:381:in `run'
     C:/Ruby200/lib/ruby/gems/2.0.0/gems/rspec-core-3.0.0.beta1/lib/rspec/core/command_line.rb:28:in `block (2 levels) in run'
     C:/Ruby200/lib/ruby/gems/2.0.0/gems/rspec-core-3.0.0.beta1/lib/rspec/core/command_line.rb:28:in `map'
     C:/Ruby200/lib/ruby/gems/2.0.0/gems/rspec-core-3.0.0.beta1/lib/rspec/core/command_line.rb:28:in `block in run'
     C:/Ruby200/lib/ruby/gems/2.0.0/gems/rspec-core-3.0.0.beta1/lib/rspec/core/reporter.rb:53:in `report'
     C:/Ruby200/lib/ruby/gems/2.0.0/gems/rspec-core-3.0.0.beta1/lib/rspec/core/command_line.rb:25:in `run'
     C:/Ruby200/lib/ruby/gems/2.0.0/gems/rspec-core-3.0.0.beta1/lib/rspec/core/runner.rb:90:in `run'
     C:/Ruby200/lib/ruby/gems/2.0.0/gems/rspec-core-3.0.0.beta1/lib/rspec/core/runner.rb:17:in `block in autorun'    </failure>
  </testcase>
  <testcase name="Navigation - chrome Left Menu - Login / Logout page" time="1.0635">
    <failure type="NoMethodError" message="undefined method `true?' for #&lt;Selenium::WebDriver::Element:0x..f9804f30c id=&quot;23&quot;&gt;">
undefined method `true?' for #&lt;Selenium::WebDriver::Element:0x..f9804f30c id="23"&gt; (NoMethodError)
NoMethodError:
undefined method `true?' for #&lt;Selenium::WebDriver::Element:0x..f9804f30c id="23"&gt;
     C:/Ruby200/lib/ruby/gems/2.0.0/gems/rspec-expectations-3.0.0.beta1/lib/rspec/matchers/built_in/be.rb:150:in `matches?'
     C:/Ruby200/lib/ruby/gems/2.0.0/gems/rspec-expectations-3.0.0.beta1/lib/rspec/expectations/handler.rb:24:in `handle_matcher'
     C:/Ruby200/lib/ruby/gems/2.0.0/gems/rspec-expectations-3.0.0.beta1/lib/rspec/expectations/syntax.rb:70:in `should'
     ./spec/navigation_spec.rb:98:in `block (3 levels) in &lt;top (required)&gt;'
     C:/Ruby200/lib/ruby/gems/2.0.0/gems/rspec-core-3.0.0.beta1/lib/rspec/core/example.rb:114:in `instance_exec'
     C:/Ruby200/lib/ruby/gems/2.0.0/gems/rspec-core-3.0.0.beta1/lib/rspec/core/example.rb:114:in `block in run'
     C:/Ruby200/lib/ruby/gems/2.0.0/gems/rspec-core-3.0.0.beta1/lib/rspec/core/example.rb:241:in `with_around_each_hooks'
     C:/Ruby200/lib/ruby/gems/2.0.0/gems/rspec-core-3.0.0.beta1/lib/rspec/core/example.rb:111:in `run'
     C:/Ruby200/lib/ruby/gems/2.0.0/gems/rspec-core-3.0.0.beta1/lib/rspec/core/example_group.rb:416:in `block in run_examples'
     C:/Ruby200/lib/ruby/gems/2.0.0/gems/rspec-core-3.0.0.beta1/lib/rspec/core/example_group.rb:412:in `map'
     C:/Ruby200/lib/ruby/gems/2.0.0/gems/rspec-core-3.0.0.beta1/lib/rspec/core/example_group.rb:412:in `run_examples'
     C:/Ruby200/lib/ruby/gems/2.0.0/gems/rspec-core-3.0.0.beta1/lib/rspec/core/example_group.rb:381:in `run'
     C:/Ruby200/lib/ruby/gems/2.0.0/gems/rspec-core-3.0.0.beta1/lib/rspec/core/command_line.rb:28:in `block (2 levels) in run'
     C:/Ruby200/lib/ruby/gems/2.0.0/gems/rspec-core-3.0.0.beta1/lib/rspec/core/command_line.rb:28:in `map'
     C:/Ruby200/lib/ruby/gems/2.0.0/gems/rspec-core-3.0.0.beta1/lib/rspec/core/command_line.rb:28:in `block in run'
     C:/Ruby200/lib/ruby/gems/2.0.0/gems/rspec-core-3.0.0.beta1/lib/rspec/core/reporter.rb:53:in `report'
     C:/Ruby200/lib/ruby/gems/2.0.0/gems/rspec-core-3.0.0.beta1/lib/rspec/core/command_line.rb:25:in `run'
     C:/Ruby200/lib/ruby/gems/2.0.0/gems/rspec-core-3.0.0.beta1/lib/rspec/core/runner.rb:90:in `run'
     C:/Ruby200/lib/ruby/gems/2.0.0/gems/rspec-core-3.0.0.beta1/lib/rspec/core/runner.rb:17:in `block in autorun'    </failure>
  </testcase>
  <system-out>
478420
  </system-out>
  <system-err>
  </system-err>
</testsuite>
